---- light / ericw-tools v0.18.1 ----
Raytracing backend: Embree
running with 4 threads
LoadBSPFile: 'DataCenter.bsp'
BSP is version 29
--- LoadEntities ---
41 entities read, 28 are lights.
--- OptionsSummary ---
Embree_TraceInit: Embree version: 2.15.0
Embree_TraceInit:
	0 sky faces
	676 solid faces
	0 filtered faces
	0 shadow-casting skip faces
SetupLights: 28 initial lights
SetupLights: 28 after surface lights
SetupLights: 28 after jittering
--- EstimateLightVisibility ---
0....1....2....3....4....5....6....7....8....9...
Final count: 28 lights 0 suns in use.
--- LightWorld ---
0....1....2....3....4....5....6....7....8....9....
Lighting Completed.

lightdatasize: 52409
0 switchable light styles (32 max)
Writing DataCenter.bsp as BSP version 29
0.164 seconds elapsed

stats:
0.492738 lights tested, 0.490824 hits per sample point
0.000000 bounce lights tested, 0.000000 hits per sample point
0 empty lightmaps
